<?xml version="1.0" encoding="UTF-8" ?>
<testsuite tests="1" failures="0" name="xyz.wuhang.AppTest" time="0.002" errors="0" skipped="0">
  <properties>
    <property name="idea.version" value="2021.1.3"/>
    <property name="java.runtime.name" value="Java(TM) SE Runtime Environment"/>
    <property name="java.vm.version" value="11.0.13+10-LTS-370"/>
    <property name="sun.boot.library.path" value="C:\Java\jdk11\jdk-11.0.13\bin"/>
    <property name="maven.multiModuleProjectDirectory" value="C:\Users\Matty&apos;s PC\IdeaProjects\MavenProject03_MultiModule"/>
    <property name="java.vm.vendor" value="Oracle Corporation"/>
    <property name="java.vendor.url" value="https://openjdk.java.net/"/>
    <property name="guice.disable.misplaced.annotation.check" value="true"/>
    <property name="path.separator" value=";"/>
    <property name="java.vm.name" value="Java HotSpot(TM) 64-Bit Server VM"/>
    <property name="sun.os.patch.level" value=""/>
    <property name="user.script" value=""/>
    <property name="user.country" value="CN"/>
    <property name="sun.java.launcher" value="SUN_STANDARD"/>
    <property name="java.vm.specification.name" value="Java Virtual Machine Specification"/>
    <property name="user.dir" value="C:\Users\Matty&apos;s PC\IdeaProjects\MavenProject03_MultiModule"/>
    <property name="java.vm.compressedOopsMode" value="Zero based"/>
    <property name="java.runtime.version" value="11.0.13+10-LTS-370"/>
    <property name="java.awt.graphicsenv" value="sun.awt.Win32GraphicsEnvironment"/>
    <property name="os.arch" value="amd64"/>
    <property name="java.io.tmpdir" value="C:\Users\MATTY&apos;~1\AppData\Local\Temp\"/>
    <property name="line.separator" value="
"/>
    <property name="java.vm.specification.vendor" value="Oracle Corporation"/>
    <property name="user.variant" value=""/>
    <property name="os.name" value="Windows 10"/>
    <property name="maven.ext.class.path" value="C:\JetBrains\IntelliJ IDEA 2021.1.3\plugins\maven\lib\maven-event-listener.jar"/>
    <property name="classworlds.conf" value="C:\Java\apache-maven-3.8.4\bin\m2.conf"/>
    <property name="sun.jnu.encoding" value="GBK"/>
    <property name="java.library.path" value="C:\Java\jdk11\jdk-11.0.13\bin;C:\WINDOWS\Sun\Java\bin;C:\WINDOWS\system32;C:\WINDOWS;C:\Windows\system32;C:\Windows;C:\Windows\System32\Wbem;C:\Windows\System32\WindowsPowerShell\v1.0\;C:\Windows\System32\OpenSSH\;C:\Program Files (x86)\NVIDIA Corporation\PhysX\Common;C:\Git\cmd;C:\WINDOWS\system32;C:\WINDOWS;C:\WINDOWS\System32\Wbem;C:\WINDOWS\System32\WindowsPowerShell\v1.0\;C:\WINDOWS\System32\OpenSSH\;C:\mysql-8.0.26-winx64\bin;%MYSQL_HOME%;%MYSQL_HOME%\bin;C:\001MyProgramFiles\apache-tomcat-9.0.8\bin;C:\001MyProgramFiles\apache-tomcat-9.0.8\lib;C:\Program Files (x86)\Microsoft SQL Server\100\Tools\Binn\;C:\Program Files\Microsoft SQL Server\100\Tools\Binn\;C:\Program Files\Microsoft SQL Server\100\DTS\Binn\;C:\Program Files (x86)\Microsoft SQL Server\100\Tools\Binn\VSShell\Common7\IDE\;C:\Program Files (x86)\Microsoft Visual Studio 9.0\Common7\IDE\PrivateAssemblies\;C:\Program Files (x86)\Microsoft SQL Server\100\DTS\Binn\;C:\Program Files (x86)\Microsoft SQL Server\150\DTS\Binn\;C:\Program Files\Azure Data Studio\bin;C:\001MyProgramFiles\node-v14.18.1-win-x64;C:\001MyProgramFiles\php-7.4.25-Win32-vc15-x64;C:\php\Composer;C:\php\php-7.4.25-Win32-vc15-x64;C:\Users\Matty&apos;s PC\AppData\Roaming\Composer\vendor\bin;C:\Python\Python37\Scripts\;C:\Python\Python37\;C:\Users\Matty&apos;s PC\AppData\Local\Microsoft\WindowsApps;C:\Program Files\Bandizip\;C:\JetBrains\IntelliJ IDEA 2021.1.3\bin;;C:\Program Files\Azure Data Studio\bin;C:\Users\Matty&apos;s PC\AppData\Roaming\Composer\vendor\bin;C:\php\JetBrains\PhpStorm 2021.2.3\bin;;C:\Program Files (x86)\Tencent\QQGameTempest\Hall.57734\;C:\Java\jdk11\jdk-11.0.13\bin;C:\Java\apache-maven-3.8.4\bin;;."/>
    <property name="maven.conf" value="C:\Java\apache-maven-3.8.4/conf"/>
    <property name="jdk.debug" value="release"/>
    <property name="java.class.version" value="55.0"/>
    <property name="java.specification.name" value="Java Platform API Specification"/>
    <property name="sun.management.compiler" value="HotSpot 64-Bit Tiered Compilers"/>
    <property name="maven.repo.local" value="C:\Java\.m2\repository"/>
    <property name="os.version" value="10.0"/>
    <property name="user.home" value="C:\Users\Matty&apos;s PC"/>
    <property name="user.timezone" value="Asia/Shanghai"/>
    <property name="java.awt.printerjob" value="sun.awt.windows.WPrinterJob"/>
    <property name="file.encoding" value="UTF-8"/>
    <property name="java.specification.version" value="11"/>
    <property name="user.name" value="Matty&apos;s PC"/>
    <property name="java.class.path" value="C:\Java\apache-maven-3.8.4\boot\plexus-classworlds-2.6.0.jar;C:\Java\apache-maven-3.8.4\boot\plexus-classworlds.license"/>
    <property name="java.vm.specification.version" value="11"/>
    <property name="sun.arch.data.model" value="64"/>
    <property name="sun.java.command" value="org.codehaus.classworlds.Launcher -Didea.version=2021.1.3 -s C:\Java\apache-maven-3.8.4\conf\settings.xml -Dmaven.repo.local=C:\Java\.m2\repository install"/>
    <property name="java.home" value="C:\Java\jdk11\jdk-11.0.13"/>
    <property name="user.language" value="zh"/>
    <property name="java.specification.vendor" value="Oracle Corporation"/>
    <property name="awt.toolkit" value="sun.awt.windows.WToolkit"/>
    <property name="java.vm.info" value="mixed mode"/>
    <property name="java.version" value="11.0.13"/>
    <property name="java.vendor" value="Oracle Corporation"/>
    <property name="maven.home" value="C:\Java\apache-maven-3.8.4"/>
    <property name="file.separator" value="\"/>
    <property name="java.version.date" value="2021-10-19"/>
    <property name="java.vendor.url.bug" value="https://bugreport.java.com/bugreport/"/>
    <property name="sun.io.unicode.encoding" value="UnicodeLittle"/>
    <property name="sun.cpu.endian" value="little"/>
    <property name="java.vendor.version" value="18.9"/>
    <property name="sun.desktop" value="windows"/>
    <property name="sun.cpu.isalist" value="amd64"/>
  </properties>
  <testcase classname="xyz.wuhang.AppTest" name="shouldAnswerWithTrue" time="0.002"/>
</testsuite>